[0mGET /MainPage/Weekly [36m304[0m 39.483 ms - -[0m
[0mGET / [32m200[0m 11.069 ms - 2455[0m
[0mGET / [31m500[0m 5.378 ms - 1312[0m
[0mGET / [31m500[0m 1.640 ms - 1312[0m
[0mGET / [31m500[0m 1.757 ms - 1312[0m
[0mGET / [31m500[0m 3.682 ms - 1312[0m
[0mGET / [31m500[0m 2.059 ms - 1312[0m
[0mGET / [31m500[0m 2.985 ms - 1312[0m
[0mGET / [31m500[0m 4.490 ms - 1312[0m
[0mGET / [31m500[0m 5.501 ms - 1312[0m
[0mGET / [31m500[0m 3.540 ms - 1312[0m
[0mGET / [31m500[0m 8.359 ms - 1312[0m
[0mGET / [31m500[0m 5.021 ms - 1312[0m
[0mGET / [32m200[0m 2.421 ms - 2450[0m
[0mGET /MainPage/Daily [32m200[0m 4.920 ms - 2632[0m
[0mGET /MainPage/css/layout.css [33m404[0m 2.987 ms - 162[0m
[0mGET /MainPage/css/footer.css [33m404[0m 2.776 ms - 162[0m
[0mGET /MainPage/css/home.css [33m404[0m 3.069 ms - 160[0m
[0mGET /MainPage/css/profile.css [33m404[0m 3.302 ms - 163[0m
[0mGET /MainPage/css/header.css [33m404[0m 4.719 ms - 162[0m
[0mGET /MainPage/css/sign_in.css [33m404[0m 1.617 ms - 163[0m
[0mGET /MainPage/css/alertify.min.css [33m404[0m 2.548 ms - 168[0m
[0mGET /MainPage/css/layout.css [33m404[0m 0.220 ms - 162[0m
[0mGET /MainPage/Daily [32m200[0m 1.937 ms - 2639[0m
[0mGET /user/SignUp [32m200[0m 3.101 ms - 2910[0m
[0mGET /user/SignIn [32m200[0m 2.415 ms - 2639[0m
[0mGET /user/SignUp [36m304[0m 3.065 ms - -[0m
[0mGET /MainPage/Daily [36m304[0m 3.657 ms - -[0m
[0mGET /user/SignUp [36m304[0m 3.030 ms - -[0m
[0mGET / [32m200[0m 1.476 ms - 2450[0m
[0mGET /MainPage/Daily [32m200[0m 6.492 ms - 2632[0m
[0mGET /MainPage/Daily [36m304[0m 2.234 ms - -[0m
[0mGET /MainPage/Daily [32m200[0m 1.691 ms - 2633[0m
[0mGET /MainPage/Daily [36m304[0m 2.096 ms - -[0m
[0mGET /user/SignUp [32m200[0m 1.700 ms - 2904[0m
[0mGET / [32m200[0m 29.004 ms - 2255[0m
[0mGET /favicon.ico [33m404[0m 6.717 ms - 150[0m
[0mGET /MainPage/Daily [32m200[0m 71.889 ms - 6566[0m
[0mGET /MainPage/Monthly [32m200[0m 22.395 ms - 4579[0m
[0mGET /MainPage/Weekly [32m200[0m 33.473 ms - 4660[0m
[0mGET /MainPage/Monthly [36m304[0m 18.086 ms - -[0m
[0mGET /MainPage/Daily [36m304[0m 17.091 ms - -[0m
[0mGET /MainPage/Weekly [36m304[0m 17.498 ms - -[0m
[0mGET /MainPage/Daily [36m304[0m 26.696 ms - -[0m
[0mGET /MainPage/Monthly [36m304[0m 16.400 ms - -[0m
[0mGET /MainPage/Weekly [36m304[0m 17.306 ms - -[0m
[0mGET /MainPage/Daily [36m304[0m 11.092 ms - -[0m
[0mGET /MainPage/Daily [32m200[0m 18.869 ms - 5184[0m
[0mGET /MainPage/Daily [36m304[0m 27.419 ms - -[0m
[0mGET /MainPage/Daily [32m200[0m 16.525 ms - 5197[0m
[0mGET /MainPage/Daily [36m304[0m 13.479 ms - -[0m
[0mGET /MainPage/Daily [32m200[0m 15.537 ms - 5180[0m
[0mGET /MainPage/Daily [32m200[0m 11.477 ms - 5268[0m
[0mGET /MainPage/Daily [32m200[0m 11.028 ms - 5316[0m
[0mGET /MainPage/Daily [32m200[0m 12.135 ms - 5858[0m
[0mGET /MainPage/Daily [32m200[0m 20.421 ms - 6146[0m
[0mGET /MainPage/Daily [32m200[0m 26.690 ms - 6614[0m
[0mGET /MainPage/Daily [36m304[0m 19.668 ms - -[0m
[0mGET /MainPage/Daily [36m304[0m 61.733 ms - -[0m
[0mGET / [36m304[0m 28.149 ms - -[0m
[0mGET / [36m304[0m 9.176 ms - -[0m
[0mGET /MainPage/Daily [36m304[0m 48.188 ms - -[0m
[0mGET /MainPage/Daily [32m200[0m 29.701 ms - 6674[0m
[0mGET /MainPage/Daily [36m304[0m 25.657 ms - -[0m
[0mGET /MainPage/Daily [36m304[0m 18.100 ms - -[0m
[0mGET /MainPage/Daily [36m304[0m 12.559 ms - -[0m
[0mGET /MainPage/Daily [32m200[0m 13.711 ms - 6946[0m
[0mGET /MainPage/Daily [32m200[0m 16.584 ms - 7298[0m
[0mGET /MainPage/Daily [36m304[0m 19.986 ms - -[0m
[0mGET /MainPage/Daily [36m304[0m 20.235 ms - -[0m
[0mGET /MainPage/Daily [36m304[0m 20.884 ms - -[0m
[0mGET /MainPage/Daily [36m304[0m 13.144 ms - -[0m
[0mGET /HabitData/660aa7501205a020351114ad [32m200[0m 66.308 ms - 3166[0m
[0mGET /updatescreen/660aa7501205a020351114ad [32m200[0m 23.862 ms - 2709[0m
[0mGET /DetailViewPostData [32m200[0m 8.351 ms - 3302[0m
[0mGET /MainPage/Monthly [32m200[0m 13.369 ms - 3871[0m
[0mGET /MainPage/Weekly [32m200[0m 28.353 ms - 3952[0m
[0mGET /MainPage/Daily [36m304[0m 16.613 ms - -[0m
[0mGET /MainPage/Monthly [36m304[0m 8.516 ms - -[0m
[0mGET /MainPage/Weekly [36m304[0m 22.597 ms - -[0m
[0mGET /MainPage/Daily [36m304[0m 10.390 ms - -[0m
[0mGET /DetailViewPostData [36m304[0m 7.917 ms - -[0m
[0mGET /DetailViewPostData [36m304[0m 5.401 ms - -[0m
[0mGET /DetailViewPostData [36m304[0m 10.136 ms - -[0m
[0mGET /DetailViewPostData [36m304[0m 7.181 ms - -[0m
[0mGET /DetailViewPostData [36m304[0m 8.705 ms - -[0m
[0mGET /DetailViewPostData [36m304[0m 5.771 ms - -[0m
[0mGET /DetailViewPostData [36m304[0m 3.727 ms - -[0m
[0mGET /DetailViewPostData [36m304[0m 4.742 ms - -[0m
[0mGET /DetailViewPostData [36m304[0m 7.683 ms - -[0m
[0mGET /DetailViewPostData [36m304[0m 39.760 ms - -[0m
[0mGET /DetailViewPostData [36m304[0m 9.525 ms - -[0m
[0mGET /DetailViewPostData [36m304[0m 12.927 ms - -[0m
[0mGET /updatescreen/660aa7501205a020351114ad [32m200[0m 62.748 ms - 2746[0m
[0mGET /updatescreen/660aa7501205a020351114ad [32m200[0m 11.873 ms - 2747[0m
[0mGET /HabitData/660aa7501205a020351114ad [36m304[0m 40.500 ms - -[0m
[0mGET /updatescreen/660aa7501205a020351114ad [36m304[0m 18.250 ms - -[0m
[0mGET /updatescreen/660aa7501205a020351114ad [32m200[0m 9.921 ms - 2705[0m
[0mGET /MainPage/Daily [36m304[0m 18.206 ms - -[0m
[0mGET /updatescreen/660aa7501205a020351114ad [32m200[0m 14.848 ms - 2724[0m
[0mGET /updatescreen/660aa7501205a020351114ad [32m200[0m 7.295 ms - 2752[0m
[0mGET /updatescreen/660aa7501205a020351114ad [32m200[0m 17.545 ms - 2767[0m
[0mGET /updatescreen/660aa7501205a020351114ad [32m200[0m 7.961 ms - 2733[0m
[0mGET /DetailViewPostData [36m304[0m 6.334 ms - -[0m
[0mGET /DetailViewPostData [32m200[0m 9.997 ms - 3314[0m
[0mGET /DetailViewPostData [32m200[0m 9.377 ms - 3321[0m
[0mGET /MainPage/Daily [36m304[0m 11.876 ms - -[0m
[0mGET /MainPage/Monthly [36m304[0m 16.460 ms - -[0m
[0mGET / [32m200[0m 103.592 ms - 2315[0m
[0mGET /favicon.ico [33m404[0m 5.746 ms - 150[0m
[0mGET /MainPage/Daily [36m304[0m 59.124 ms - -[0m
[0mGET /HabitData/660aa7501205a020351114ad [36m304[0m 58.750 ms - -[0m
[0mGET /HabitData/660aa7501205a020351114ad [36m304[0m 36.184 ms - -[0m
[0mGET /updatescreen/660aa7501205a020351114ad [32m200[0m 23.441 ms - 2772[0m
[0mGET /updatescreen/660aa7501205a020351114ad [32m200[0m 17.384 ms - 2782[0m
[0mGET /updatescreen/660aa7501205a020351114ad [32m200[0m 15.873 ms - 2783[0m
[0mGET /updatescreen/660aa7501205a020351114ad [32m200[0m 13.800 ms - 2773[0m
[0mGET /updatescreen/660aa7501205a020351114ad [32m200[0m 13.572 ms - 2799[0m
[0mGET /updatescreen/660aa7501205a020351114ad [32m200[0m 10.702 ms - 2797[0m
[0mPOST /update/660aa7501205a020351114ad [36m302[0m 46.314 ms - 74[0m
[0mGET /MainPage/Daily [32m200[0m 19.433 ms - 7296[0m
[0mGET /MainPage/Daily [36m304[0m 36.991 ms - -[0m
[0mGET /HabitData/660aa7501205a020351114ad [32m200[0m 49.135 ms - 3164[0m
[0mGET /updatescreen/660aa7501205a020351114ad [32m200[0m 15.297 ms - 2815[0m
[0mGET /Mainpage/ [33m404[0m 6.027 ms - 148[0m
[0mGET /updatescreen/660aa7501205a020351114ad [32m200[0m 20.862 ms - 2820[0m
[0mGET /Mainpage/Daily [32m200[0m 18.847 ms - 7296[0m
[0mGET /MainPage/Monthly [36m304[0m 17.441 ms - -[0m
[0mGET /MainPage/Weekly [36m304[0m 28.565 ms - -[0m
[0mGET /MainPage/Daily [36m304[0m 22.625 ms - -[0m
[0mGET /HabitData/660aa7501205a020351114ad [32m200[0m 28.230 ms - 3243[0m
[0mGET /Mainpage/Daily [36m304[0m 10.444 ms - -[0m
[0mGET /DetailViewPostData [36m304[0m 8.301 ms - -[0m
[0mGET /DetailViewPostData [32m200[0m 4.192 ms - 3404[0m
[0mGET /Mainpage/Daily [36m304[0m 22.522 ms - -[0m
[0mGET /Mainpage/Daily [36m304[0m 17.555 ms - -[0m
[0mGET /DetailViewPostData [31m500[0m 4.867 ms - 1483[0m
